<?xml version="1.0" encoding="UTF-8"?>
<testsuite xmlns:xsi="http://www.w3.org/2001/XMLSchema-instance" xsi:noNamespaceSchemaLocation="https://maven.apache.org/surefire/maven-surefire-plugin/xsd/surefire-test-report.xsd" version="3.0.2" name="com.gildedrose.GildedRoseTest" time="0.039" tests="21" errors="0" skipped="0" failures="0">
  <properties>
[...]
</properties>
  <testcase name="checkQualityForBackstagePasses10Daysleft" classname="checkQualityForBackstagePasses10Daysleft()" time="0.011"/>
  <testcase name="increaseQualityForAgedBrieItem" classname="increaseQualityForAgedBrieItem()" time="0.001"/>
  <testcase name="sulfurasItemNeverDecreaseQuality" classname="sulfurasItemNeverDecreaseQuality()" time="0.0"/>
  <testcase name="increaseQualityTwicedForAgedBrieItemBecauseSellInIs0" classname="increaseQualityTwicedForAgedBrieItemBecauseSellInIs0()" time="0.001"/>
  <testcase name="checkQualityCannotBeGreaterThan50ForBackstagePasses10Daysleft" classname="checkQualityCannotBeGreaterThan50ForBackstagePasses10Daysleft()" time="0.001"/>
  <testcase name="checkItemName" classname="checkItemName()" time="0.001"/>
  <testcase name="checkQualityForBackstagePasses5Daysleft" classname="checkQualityForBackstagePasses5Daysleft()" time="0.001"/>
  <testcase name="decreaseQualityTwiceWithNoNegativeValue" classname="decreaseQualityTwiceWithNoNegativeValue()" time="0.001"/>
  <testcase name="checkQualityForBackstagePasses0Daysleft" classname="checkQualityForBackstagePasses0Daysleft()" time="0.0"/>
  <testcase name="checkSellInForConjuredItems" classname="checkSellInForConjuredItems()" time="0.0"/>
  <testcase name="checkQualityForBackstagePassesAfterConcert" classname="checkQualityForBackstagePassesAfterConcert()" time="0.0"/>
  <testcase name="qualityCannotBeGreaterThan50" classname="qualityCannotBeGreaterThan50()" time="0.0"/>
  <testcase name="checkQualityForBackstagePasses11Daysleft" classname="checkQualityForBackstagePasses11Daysleft()" time="0.0"/>
  <testcase name="decreaseSellDate" classname="decreaseSellDate()" time="0.0"/>
  <testcase name="decreaseQualityTwice" classname="decreaseQualityTwice()" time="0.0"/>
  <testcase name="increaseQualityTwicedForAgedBrieItemBecauseSellInIsPassed" classname="increaseQualityTwicedForAgedBrieItemBecauseSellInIsPassed()" time="0.001"/>
  <testcase name="qualityIncreasedTwiceCannotBeGreaterThan50" classname="qualityIncreasedTwiceCannotBeGreaterThan50()" time="0.001"/>
  <testcase name="sulfurasItemNeverBeSold" classname="sulfurasItemNeverBeSold()" time="0.0"/>
  <testcase name="decreaseQuality" classname="decreaseQuality()" time="0.0"/>
  <testcase name="qualityCannotBeNegative" classname="qualityCannotBeNegative()" time="0.001"/>
  <testcase name="checkQualityCannotBeGreaterThan50ForBackstagePasses5Daysleft" classname="checkQualityCannotBeGreaterThan50ForBackstagePasses5Daysleft()" time="0.001"/>
</testsuite>